#
# There is insufficient memory for the Java Runtime Environment to continue.
# Native memory allocation (malloc) failed to allocate 1048576 bytes for AllocateHeap
# Possible reasons:
#   The system is out of physical RAM or swap space
#   In 32 bit mode, the process size limit was hit
# Possible solutions:
#   Reduce memory load on the system
#   Increase physical memory or swap space
#   Check if swap backing store is full
#   Use 64 bit Java on a 64 bit OS
#   Decrease Java heap size (-Xmx/-Xms)
#   Decrease number of Java threads
#   Decrease Java thread stack sizes (-Xss)
#   Set larger code cache with -XX:ReservedCodeCacheSize=
# This output file may be truncated or incomplete.
#
#  Out of Memory Error (memory/allocation.inline.hpp:61), pid=11692, tid=6152
#
# JRE version:  (8.0_91-b15) (build )
# Java VM: Java HotSpot(TM) 64-Bit Server VM (25.91-b15 mixed mode windows-amd64 compressed oops)
# Failed to write core dump. Minidumps are not enabled by default on client versions of Windows
#

---------------  T H R E A D  ---------------

Current thread (0x000000000258d800):  JavaThread "Unknown thread" [_thread_in_vm, id=6152, stack(0x0000000002280000,0x0000000002380000)]

Stack: [0x0000000002280000,0x0000000002380000]
[error occurred during error reporting (printing stack bounds), id 0xc0000005]

Native frames: (J=compiled Java code, j=interpreted, Vv=VM code, C=native code)


---------------  P R O C E S S  ---------------

Java Threads: ( => current thread )

Other Threads:

=>0x000000000258d800 (exited) JavaThread "Unknown thread" [_thread_in_vm, id=6152, stack(0x0000000002280000,0x0000000002380000)]

VM state:not at safepoint (normal execution)

VM Mutex/Monitor currently owned by a thread: None

Heap:
 PSYoungGen      total 38400K, used 665K [0x00000000eab00000, 0x00000000ed580000, 0x0000000100000000)
  eden space 33280K, 2% used [0x00000000eab00000,0x00000000eaba6670,0x00000000ecb80000)
  from space 5120K, 0% used [0x00000000ed080000,0x00000000ed080000,0x00000000ed580000)
  to   space 5120K, 0% used [0x00000000ecb80000,0x00000000ecb80000,0x00000000ed080000)
 ParOldGen       total 87552K, used 0K [0x00000000c0000000, 0x00000000c5580000, 0x00000000eab00000)
  object space 87552K, 0% used [0x00000000c0000000,0x00000000c0000000,0x00000000c5580000)
 Metaspace       used 769K, capacity 4480K, committed 4480K, reserved 1056768K
  class space    used 75K, capacity 384K, committed 384K, reserved 1048576K

Card table byte_map: [0x0000000011950000,0x0000000011b60000] byte_map_base: 0x0000000011350000

Marking Bits: (ParMarkBitMap*) 0x0000000052b32f70
 Begin Bits: [0x00000000124c0000, 0x00000000134c0000)
 End Bits:   [0x00000000134c0000, 0x00000000144c0000)

Polling page: 0x0000000000ae0000

CodeCache: size=245760Kb used=328Kb max_used=328Kb free=245431Kb
 bounds [0x0000000002590000, 0x0000000002800000, 0x0000000011590000]
 total_blobs=58 nmethods=0 adapters=38
 compilation: enabled

Compilation events (0 events):
No events

GC Heap History (0 events):
No events

Deoptimization events (0 events):
No events

Internal exceptions (0 events):
No events

Events (10 events):
Event: 0.053 loading class java/lang/Short
Event: 0.054 loading class java/lang/Short done
Event: 0.054 loading class java/lang/Integer
Event: 0.054 loading class java/lang/Integer done
Event: 0.054 loading class java/lang/Long
Event: 0.054 loading class java/lang/Long done
Event: 0.055 loading class java/lang/NullPointerException
Event: 0.055 loading class java/lang/NullPointerException done
Event: 0.055 loading class java/lang/ArithmeticException
Event: 0.055 loading class java/lang/ArithmeticException done


Dynamic libraries:
0x00007ff7aa6c0000 - 0x00007ff7aa6f7000 	C:\Program Files\Java\jdk1.8.0_91\bin\java.exe
0x00007ffccac60000 - 0x00007ffccae31000 	C:\WINDOWS\SYSTEM32\ntdll.dll
0x00007ffcca300000 - 0x00007ffcca3ab000 	C:\WINDOWS\System32\KERNEL32.DLL
0x00007ffcc7430000 - 0x00007ffcc764d000 	C:\WINDOWS\System32\KERNELBASE.dll
0x00007ffcca890000 - 0x00007ffcca932000 	C:\WINDOWS\System32\ADVAPI32.dll
0x00007ffcc9760000 - 0x00007ffcc97fe000 	C:\WINDOWS\System32\msvcrt.dll
0x00007ffcca4b0000 - 0x00007ffcca509000 	C:\WINDOWS\System32\sechost.dll
0x00007ffcca1d0000 - 0x00007ffcca2f1000 	C:\WINDOWS\System32\RPCRT4.dll
0x00007ffcc9c20000 - 0x00007ffcc9d85000 	C:\WINDOWS\System32\USER32.dll
0x00007ffcc7240000 - 0x00007ffcc725e000 	C:\WINDOWS\System32\win32u.dll
0x00007ffccac20000 - 0x00007ffccac54000 	C:\WINDOWS\System32\GDI32.dll
0x00007ffcc7de0000 - 0x00007ffcc7f62000 	C:\WINDOWS\System32\gdi32full.dll
0x00007ffcbd910000 - 0x00007ffcbdb89000 	C:\WINDOWS\WinSxS\amd64_microsoft.windows.common-controls_6595b64144ccf1df_6.0.14393.0_none_2d0f50fcbdb171b8\COMCTL32.dll
0x00007ffcca940000 - 0x00007ffccac07000 	C:\WINDOWS\System32\combase.dll
0x00007ffcc80f0000 - 0x00007ffcc81e5000 	C:\WINDOWS\System32\ucrtbase.dll
0x00007ffcc8020000 - 0x00007ffcc808a000 	C:\WINDOWS\System32\bcryptPrimitives.dll
0x00007ffcca6d0000 - 0x00007ffcca6fe000 	C:\WINDOWS\System32\IMM32.DLL
0x00007ffcbb5b0000 - 0x00007ffcbb5e1000 	C:\windows\system32\nvinitx.dll
0x00007ffcc4920000 - 0x00007ffcc492a000 	C:\WINDOWS\SYSTEM32\VERSION.dll
0x0000000051eb0000 - 0x0000000051f82000 	C:\Program Files\Java\jdk1.8.0_91\jre\bin\msvcr100.dll
0x0000000052320000 - 0x0000000052bb3000 	C:\Program Files\Java\jdk1.8.0_91\jre\bin\server\jvm.dll
0x00007ffcc9d90000 - 0x00007ffcc9d98000 	C:\WINDOWS\System32\PSAPI.DLL
0x00007ffcb8e80000 - 0x00007ffcb8e89000 	C:\WINDOWS\SYSTEM32\WSOCK32.dll
0x00007ffcbdc30000 - 0x00007ffcbdc53000 	C:\WINDOWS\SYSTEM32\WINMM.dll
0x00007ffcca700000 - 0x00007ffcca76a000 	C:\WINDOWS\System32\WS2_32.dll
0x00007ffcbd8e0000 - 0x00007ffcbd90b000 	C:\WINDOWS\SYSTEM32\WINMMBASE.dll
0x00007ffcc71f0000 - 0x00007ffcc7232000 	C:\WINDOWS\System32\cfgmgr32.dll
0x0000000054240000 - 0x000000005424f000 	C:\Program Files\Java\jdk1.8.0_91\jre\bin\verify.dll
0x00000000522f0000 - 0x0000000052319000 	C:\Program Files\Java\jdk1.8.0_91\jre\bin\java.dll
0x00000000522d0000 - 0x00000000522e6000 	C:\Program Files\Java\jdk1.8.0_91\jre\bin\zip.dll

VM Arguments:
jvm_args: -Djava.awt.headless=true -Xmx1024M -Dfile.encoding=windows-1252 -Duser.country=US -Duser.language=en -Duser.variant 
java_command: com.android.dx.command.Main --dex --num-threads=4 --output C:\Users\Chaiy\Desktop\Sample Projects\xyzreader\XYZReader\build\intermediates\pre-dexed\debug\com.android.support-support-v4-24.2.0_9aea20711c8981f0087218637f00e21f4a91b582.jar C:\Users\Chaiy\Desktop\Sample Projects\xyzreader\XYZReader\build\intermediates\exploded-aar\com.android.support\support-v4\24.2.0\jars\classes.jar
java_class_path (initial): C:\Users\Chaiy\Android\sdk\build-tools\24.0.2\lib\dx.jar
Launcher Type: SUN_STANDARD

Environment Variables:
JAVA_HOME=C:\Program Files\Java\jdk1.8.0_91
PATH=C:\ProgramData\Oracle\Java\javapath;C:\Program Files\ImageMagick-6.9.3-Q16;C:\Program Files (x86)\Intel\iCLS Client\;C:\Program Files\Intel\iCLS Client\;C:\WINDOWS\system32;C:\WINDOWS;C:\WINDOWS\System32\Wbem;C:\WINDOWS\System32\WindowsPowerShell\v1.0\;C:\Program Files (x86)\Intel\OpenCL SDK\2.0\bin\x86;C:\Program Files (x86)\Intel\OpenCL SDK\2.0\bin\x64;C:\Program Files (x86)\Windows Live\Shared;C:\Program Files\Condusiv Technologies\IntelliMemory\;C:\Program Files\Intel\WiFi\bin\;C:\Program Files\Common Files\Intel\WirelessCommon\;C:\Program Files\Intel\Intel(R) Management Engine Components\DAL;C:\Program Files\Intel\Intel(R) Management Engine Components\IPT;C:\Program Files (x86)\Intel\Intel(R) Management Engine Components\DAL;C:\Program Files (x86)\Intel\Intel(R) Management Engine Components\IPT;C:\Program Files (x86)\NVIDIA Corporation\PhysX\Common;C:\WINDOWS\system32;C:\WINDOWS;C:\WINDOWS\System32\Wbem;C:\WINDOWS\System32\WindowsPowerShell\v1.0\;C:\Program Files\Samsung\AllShare Framework DMS\1.3.23\;C:\Program Files\Samsung\AllShare Framework DMS\1.3.23\64bit\;C:\Program Files (x86)\Skype\Phone\;C:\Program Files (x86)\QuickTime\QTSystem\;C:\Program Files (x86)\GtkSharp\2.12\bin;C:\Program Files\Java\jdk1.8.0_91\bin;%GRADLE_HOME%\bin;C:\Users\Chaiy\AppData\Local\GitHub\PortableGit_d76a6a98c9315931ec4927243517bc09e9b731a0\cmd;C:\Users\Chaiy\AppData\Roaming\Smilebox;C:\Program Files\Intel\WiFi\bin\;C:\Program Files\Common Files\Intel\WirelessCommon\;C:\ffmpeg\bin\;C:\Users\Chaiy\Android\gradle\gradle-2.13-all\gradle-2.13\bin;C:\Program Files\Java\jre1.8.0_91\bin;C:\Users\Chaiy\AppData\Local\GitHub\PortableGit_d76a6a98c9315931ec4927243517bc09e9b731a0\cmd;C:\Users\Chaiy\AppData\Local\Microsoft\WindowsApps;
USERNAME=Chaiy
OS=Windows_NT
PROCESSOR_IDENTIFIER=Intel64 Family 6 Model 58 Stepping 9, GenuineIntel



---------------  S Y S T E M  ---------------

OS: Windows 10.0 , 64 bit Build 14393 (10.0.14393.0)

CPU:total 8 (4 cores per cpu, 2 threads per core) family 6 model 58 stepping 9, cmov, cx8, fxsr, mmx, sse, sse2, sse3, ssse3, sse4.1, sse4.2, popcnt, avx, aes, clmul, erms, ht, tsc, tscinvbit, tscinv

Memory: 4k page, physical 8273196k(1751164k free), swap 33439020k(5852k free)

vm_info: Java HotSpot(TM) 64-Bit Server VM (25.91-b15) for windows-amd64 JRE (1.8.0_91-b15), built on May 20 2016 17:43:15 by "java_re" with MS VC++ 10.0 (VS2010)

time: Mon Sep 05 16:11:05 2016
elapsed time: 0 seconds (0d 0h 0m 0s)

