#
# There is insufficient memory for the Java Runtime Environment to continue.
# Native memory allocation (malloc) failed to allocate 401136 bytes for Chunk::new
# Possible reasons:
#   The system is out of physical RAM or swap space
#   In 32 bit mode, the process size limit was hit
# Possible solutions:
#   Reduce memory load on the system
#   Increase physical memory or swap space
#   Check if swap backing store is full
#   Use 64 bit Java on a 64 bit OS
#   Decrease Java heap size (-Xmx/-Xms)
#   Decrease number of Java threads
#   Decrease Java thread stack sizes (-Xss)
#   Set larger code cache with -XX:ReservedCodeCacheSize=
# This output file may be truncated or incomplete.
#
#  Out of Memory Error (allocation.cpp:390), pid=7708, tid=8420
#
# JRE version: Java(TM) SE Runtime Environment (8.0_91-b15) (build 1.8.0_91-b15)
# Java VM: Java HotSpot(TM) 64-Bit Server VM (25.91-b15 mixed mode windows-amd64 compressed oops)
# Failed to write core dump. Minidumps are not enabled by default on client versions of Windows
#

---------------  T H R E A D  ---------------

Current thread (0x0000000017b40800):  JavaThread "C2 CompilerThread1" daemon [_thread_in_native, id=8420, stack(0x0000000018400000,0x0000000018500000)]

Stack: [0x0000000018400000,0x0000000018500000]
[error occurred during error reporting (printing stack bounds), id 0xc0000005]

Native frames: (J=compiled Java code, j=interpreted, Vv=VM code, C=native code)


Current CompileTask:
C2:   1323  889       4       com.android.dx.ssa.back.LivenessAnalyzer::handleTailRecursion (94 bytes)


---------------  P R O C E S S  ---------------

Java Threads: ( => current thread )
  0x0000000017e2c000 JavaThread "pool-1-thread-4" [_thread_blocked, id=2224, stack(0x0000000018d00000,0x0000000018e00000)]
  0x0000000017e1c000 JavaThread "pool-1-thread-3" [_thread_blocked, id=12636, stack(0x0000000018c00000,0x0000000018d00000)]
  0x0000000017e2a000 JavaThread "pool-1-thread-2" [_thread_blocked, id=8780, stack(0x0000000018b00000,0x0000000018c00000)]
  0x0000000017d6b000 JavaThread "pool-2-thread-1" [_thread_blocked, id=11352, stack(0x0000000018a00000,0x0000000018b00000)]
  0x0000000017d6a800 JavaThread "pool-1-thread-1" [_thread_blocked, id=13060, stack(0x0000000018900000,0x0000000018a00000)]
  0x0000000017bd9800 JavaThread "Service Thread" daemon [_thread_blocked, id=1020, stack(0x0000000018700000,0x0000000018800000)]
  0x0000000017b9a000 JavaThread "C1 CompilerThread3" daemon [_thread_blocked, id=5492, stack(0x0000000018600000,0x0000000018700000)]
  0x0000000017b7d000 JavaThread "C2 CompilerThread2" daemon [_thread_in_native, id=1644, stack(0x0000000018500000,0x0000000018600000)]
=>0x0000000017b40800 JavaThread "C2 CompilerThread1" daemon [_thread_in_native, id=8420, stack(0x0000000018400000,0x0000000018500000)]
  0x0000000017b3b800 JavaThread "C2 CompilerThread0" daemon [_thread_in_native, id=7288, stack(0x0000000018300000,0x0000000018400000)]
  0x0000000017b39800 JavaThread "Attach Listener" daemon [_thread_blocked, id=1976, stack(0x0000000018200000,0x0000000018300000)]
  0x0000000015c2e800 JavaThread "Signal Dispatcher" daemon [_thread_blocked, id=9504, stack(0x0000000018100000,0x0000000018200000)]
  0x0000000017b30800 JavaThread "Finalizer" daemon [_thread_blocked, id=10120, stack(0x0000000017f10000,0x0000000018010000)]
  0x00000000030f6000 JavaThread "Reference Handler" daemon [_thread_blocked, id=13268, stack(0x0000000017a10000,0x0000000017b10000)]
  0x0000000002dfe000 JavaThread "main" [_thread_in_vm, id=1588, stack(0x0000000002f00000,0x0000000003000000)]

Other Threads:
  0x0000000015c19000 VMThread [stack: 0x0000000017910000,0x0000000017a10000] [id=1140]
  0x0000000017bdb800 WatcherThread [stack: 0x0000000018800000,0x0000000018900000] [id=12232]

VM state:not at safepoint (normal execution)

VM Mutex/Monitor currently owned by a thread: None

Heap:
 PSYoungGen      total 38400K, used 18024K [0x00000000eab00000, 0x00000000ed580000, 0x0000000100000000)
  eden space 33280K, 54% used [0x00000000eab00000,0x00000000ebc9a198,0x00000000ecb80000)
  from space 5120K, 0% used [0x00000000ed080000,0x00000000ed080000,0x00000000ed580000)
  to   space 5120K, 0% used [0x00000000ecb80000,0x00000000ecb80000,0x00000000ed080000)
 ParOldGen       total 87552K, used 0K [0x00000000c0000000, 0x00000000c5580000, 0x00000000eab00000)
  object space 87552K, 0% used [0x00000000c0000000,0x00000000c0000000,0x00000000c5580000)
 Metaspace       used 5832K, capacity 6770K, committed 7040K, reserved 1058816K
  class space    used 604K, capacity 618K, committed 640K, reserved 1048576K

Card table byte_map: [0x00000000124c0000,0x00000000126d0000] byte_map_base: 0x0000000011ec0000

Marking Bits: (ParMarkBitMap*) 0x0000000052b32f70
 Begin Bits: [0x0000000013030000, 0x0000000014030000)
 End Bits:   [0x0000000014030000, 0x0000000015030000)

Polling page: 0x0000000002ce0000

CodeCache: size=245760Kb used=3709Kb max_used=3709Kb free=242050Kb
 bounds [0x0000000003100000, 0x00000000034b0000, 0x0000000012100000]
 total_blobs=1162 nmethods=893 adapters=182
 compilation: enabled

Compilation events (10 events):
Event: 1.312 Thread 0x0000000017b9a000  894       3       com.android.dx.ssa.SsaBasicBlock::removeAllPhiInsns (18 bytes)
Event: 1.313 Thread 0x0000000017b9a000 nmethod 894 0x000000000349c810 code [0x000000000349c9e0, 0x000000000349cf88]
Event: 1.313 Thread 0x0000000017b9a000  858       1       com.android.dx.rop.annotation.NameValuePair::getName (5 bytes)
Event: 1.313 Thread 0x0000000017b9a000 nmethod 858 0x000000000349d310 code [0x000000000349d460, 0x000000000349d570]
Event: 1.316 Thread 0x0000000017b9a000  895       3       java.util.AbstractList::clear (10 bytes)
Event: 1.316 Thread 0x0000000017b9a000 nmethod 895 0x000000000349d5d0 code [0x000000000349d740, 0x000000000349da18]
Event: 1.316 Thread 0x0000000017b9a000  897       3       java.util.ArrayList::removeRange (75 bytes)
Event: 1.317 Thread 0x0000000017b9a000 nmethod 897 0x000000000349dad0 code [0x000000000349dc60, 0x000000000349e0c8]
Event: 1.317 Thread 0x0000000017b9a000  896       3       java.util.ArrayList$SubList::removeRange (47 bytes)
Event: 1.318 Thread 0x0000000017b9a000 nmethod 896 0x000000000349e290 code [0x000000000349e420, 0x000000000349e798]

GC Heap History (0 events):
No events

Deoptimization events (4 events):
Event: 0.969 Thread 0x0000000017d6a800 Uncommon trap: reason=unstable_if action=reinterpret pc=0x000000000331d35c method=java.util.HashMap.getNode(ILjava/lang/Object;)Ljava/util/HashMap$Node; @ 129
Event: 1.069 Thread 0x0000000002dfe000 Uncommon trap: reason=unloaded action=reinterpret pc=0x00000000033bb528 method=com.android.dx.cf.cst.ConstantPoolParser.parse0(ILjava/util/BitSet;)Lcom/android/dx/rop/cst/Constant; @ 176
Event: 1.091 Thread 0x0000000017e2a000 Uncommon trap: reason=unstable_if action=reinterpret pc=0x0000000003373c34 method=java.util.BitSet.ensureCapacity(I)V @ 6
Event: 1.150 Thread 0x0000000017e2a000 Uncommon trap: reason=unstable_if action=reinterpret pc=0x0000000003428cac method=java.util.HashMap.getNode(ILjava/lang/Object;)Ljava/util/HashMap$Node; @ 62

Internal exceptions (2 events):
Event: 0.072 Thread 0x0000000002dfe000 Exception <a 'java/lang/NoSuchMethodError': Method sun.misc.Unsafe.defineClass(Ljava/lang/String;[BII)Ljava/lang/Class; name or signature does not match> (0x00000000eab07cc0) thrown at [C:\re\workspace\8-2-build-windows-amd64-cygwin\jdk8u91\7017\hotspot\sr<?/ãƒ‹²?
Event: 0.072 Thread 0x0000000002dfe000 Exception <a 'java/lang/NoSuchMethodError': Method sun.misc.Unsafe.prefetchRead(Ljava/lang/Object;J)V name or signature does not match> (0x00000000eab07fa8) thrown at [C:\re\workspace\8-2-build-windows-amd64-cygwin\jdk8u91\7017\hotspot\src\share\vm\prims\j

Events (10 events):
Event: 1.205 Executing VM operation: CollectForMetadataAllocation
Event: 1.205 Executing VM operation: CollectForMetadataAllocation done
Event: 1.206 loading class java/util/ArrayList$1
Event: 1.206 loading class java/util/ArrayList$1 done
Event: 1.206 loading class com/android/dx/ssa/back/FirstFitLocalCombiningAllocator$Multiset
Event: 1.206 loading class com/android/dx/ssa/back/FirstFitLocalCombiningAllocator$Multiset done
Event: 1.270 loading class java/util/HashMap$Values
Event: 1.271 loading class java/util/HashMap$Values done
Event: 1.271 loading class java/util/HashMap$ValueIterator
Event: 1.271 loading class java/util/HashMap$ValueIterator done


Dynamic libraries:
0x00007ff7aa6c0000 - 0x00007ff7aa6f7000 	C:\Program Files\Java\jdk1.8.0_91\bin\java.exe
0x00007ffccac60000 - 0x00007ffccae31000 	C:\WINDOWS\SYSTEM32\ntdll.dll
0x00007ffcca300000 - 0x00007ffcca3ab000 	C:\WINDOWS\System32\KERNEL32.DLL
0x00007ffcc7430000 - 0x00007ffcc764d000 	C:\WINDOWS\System32\KERNELBASE.dll
0x00007ffcca890000 - 0x00007ffcca932000 	C:\WINDOWS\System32\ADVAPI32.dll
0x00007ffcc9760000 - 0x00007ffcc97fe000 	C:\WINDOWS\System32\msvcrt.dll
0x00007ffcca4b0000 - 0x00007ffcca509000 	C:\WINDOWS\System32\sechost.dll
0x00007ffcca1d0000 - 0x00007ffcca2f1000 	C:\WINDOWS\System32\RPCRT4.dll
0x00007ffcc9c20000 - 0x00007ffcc9d85000 	C:\WINDOWS\System32\USER32.dll
0x00007ffcc7240000 - 0x00007ffcc725e000 	C:\WINDOWS\System32\win32u.dll
0x00007ffccac20000 - 0x00007ffccac54000 	C:\WINDOWS\System32\GDI32.dll
0x00007ffcc7de0000 - 0x00007ffcc7f62000 	C:\WINDOWS\System32\gdi32full.dll
0x00007ffcbd910000 - 0x00007ffcbdb89000 	C:\WINDOWS\WinSxS\amd64_microsoft.windows.common-controls_6595b64144ccf1df_6.0.14393.0_none_2d0f50fcbdb171b8\COMCTL32.dll
0x00007ffcca940000 - 0x00007ffccac07000 	C:\WINDOWS\System32\combase.dll
0x00007ffcc80f0000 - 0x00007ffcc81e5000 	C:\WINDOWS\System32\ucrtbase.dll
0x00007ffcc8020000 - 0x00007ffcc808a000 	C:\WINDOWS\System32\bcryptPrimitives.dll
0x00007ffcca6d0000 - 0x00007ffcca6fe000 	C:\WINDOWS\System32\IMM32.DLL
0x00007ffcbb5b0000 - 0x00007ffcbb5e1000 	C:\windows\system32\nvinitx.dll
0x00007ffcc4920000 - 0x00007ffcc492a000 	C:\WINDOWS\SYSTEM32\VERSION.dll
0x0000000051eb0000 - 0x0000000051f82000 	C:\Program Files\Java\jdk1.8.0_91\jre\bin\msvcr100.dll
0x0000000052320000 - 0x0000000052bb3000 	C:\Program Files\Java\jdk1.8.0_91\jre\bin\server\jvm.dll
0x00007ffcc9d90000 - 0x00007ffcc9d98000 	C:\WINDOWS\System32\PSAPI.DLL
0x00007ffcb8e80000 - 0x00007ffcb8e89000 	C:\WINDOWS\SYSTEM32\WSOCK32.dll
0x00007ffcbdc30000 - 0x00007ffcbdc53000 	C:\WINDOWS\SYSTEM32\WINMM.dll
0x00007ffcca700000 - 0x00007ffcca76a000 	C:\WINDOWS\System32\WS2_32.dll
0x0000000002d50000 - 0x0000000002d7b000 	C:\WINDOWS\SYSTEM32\WINMMBASE.dll
0x00007ffcc71f0000 - 0x00007ffcc7232000 	C:\WINDOWS\System32\cfgmgr32.dll
0x0000000054240000 - 0x000000005424f000 	C:\Program Files\Java\jdk1.8.0_91\jre\bin\verify.dll
0x00000000522f0000 - 0x0000000052319000 	C:\Program Files\Java\jdk1.8.0_91\jre\bin\java.dll
0x00000000522d0000 - 0x00000000522e6000 	C:\Program Files\Java\jdk1.8.0_91\jre\bin\zip.dll
0x00007ffcc81f0000 - 0x00007ffcc96f8000 	C:\WINDOWS\System32\SHELL32.dll
0x00007ffcc7700000 - 0x00007ffcc7dda000 	C:\WINDOWS\System32\windows.storage.dll
0x00007ffcc7170000 - 0x00007ffcc71bc000 	C:\WINDOWS\System32\powrprof.dll
0x00007ffcc9800000 - 0x00007ffcc9852000 	C:\WINDOWS\System32\shlwapi.dll
0x00007ffcc7160000 - 0x00007ffcc716f000 	C:\WINDOWS\System32\kernel.appcore.dll
0x00007ffcc7f70000 - 0x00007ffcc8019000 	C:\WINDOWS\System32\shcore.dll
0x00007ffcc71c0000 - 0x00007ffcc71d4000 	C:\WINDOWS\System32\profapi.dll

VM Arguments:
jvm_args: -Djava.awt.headless=true -Xmx1024M -Dfile.encoding=windows-1252 -Duser.country=US -Duser.language=en -Duser.variant 
java_command: com.android.dx.command.Main --dex --num-threads=4 --output C:\Users\Chaiy\Desktop\Sample Projects\xyzreader\XYZReader\build\intermediates\pre-dexed\debug\com.android.support-support-fragment-24.2.0_f564063ab8e19f399ae67331cf0dfdf39b718410.jar C:\Users\Chaiy\Desktop\Sample Projects\xyzreader\XYZReader\build\intermediates\exploded-aar\com.android.support\support-fragment\24.2.0\jars\classes.jar
java_class_path (initial): C:\Users\Chaiy\Android\sdk\build-tools\24.0.2\lib\dx.jar
Launcher Type: SUN_STANDARD

Environment Variables:
JAVA_HOME=C:\Program Files\Java\jdk1.8.0_91
PATH=C:\ProgramData\Oracle\Java\javapath;C:\Program Files\ImageMagick-6.9.3-Q16;C:\Program Files (x86)\Intel\iCLS Client\;C:\Program Files\Intel\iCLS Client\;C:\WINDOWS\system32;C:\WINDOWS;C:\WINDOWS\System32\Wbem;C:\WINDOWS\System32\WindowsPowerShell\v1.0\;C:\Program Files (x86)\Intel\OpenCL SDK\2.0\bin\x86;C:\Program Files (x86)\Intel\OpenCL SDK\2.0\bin\x64;C:\Program Files (x86)\Windows Live\Shared;C:\Program Files\Condusiv Technologies\IntelliMemory\;C:\Program Files\Intel\WiFi\bin\;C:\Program Files\Common Files\Intel\WirelessCommon\;C:\Program Files\Intel\Intel(R) Management Engine Components\DAL;C:\Program Files\Intel\Intel(R) Management Engine Components\IPT;C:\Program Files (x86)\Intel\Intel(R) Management Engine Components\DAL;C:\Program Files (x86)\Intel\Intel(R) Management Engine Components\IPT;C:\Program Files (x86)\NVIDIA Corporation\PhysX\Common;C:\WINDOWS\system32;C:\WINDOWS;C:\WINDOWS\System32\Wbem;C:\WINDOWS\System32\WindowsPowerShell\v1.0\;C:\Program Files\Samsung\AllShare Framework DMS\1.3.23\;C:\Program Files\Samsung\AllShare Framework DMS\1.3.23\64bit\;C:\Program Files (x86)\Skype\Phone\;C:\Program Files (x86)\QuickTime\QTSystem\;C:\Program Files (x86)\GtkSharp\2.12\bin;C:\Program Files\Java\jdk1.8.0_91\bin;%GRADLE_HOME%\bin;C:\Users\Chaiy\AppData\Local\GitHub\PortableGit_d76a6a98c9315931ec4927243517bc09e9b731a0\cmd;C:\Users\Chaiy\AppData\Roaming\Smilebox;C:\Program Files\Intel\WiFi\bin\;C:\Program Files\Common Files\Intel\WirelessCommon\;C:\ffmpeg\bin\;C:\Users\Chaiy\Android\gradle\gradle-2.13-all\gradle-2.13\bin;C:\Program Files\Java\jre1.8.0_91\bin;C:\Users\Chaiy\AppData\Local\GitHub\PortableGit_d76a6a98c9315931ec4927243517bc09e9b731a0\cmd;C:\Users\Chaiy\AppData\Local\Microsoft\WindowsApps;
USERNAME=Chaiy
OS=Windows_NT
PROCESSOR_IDENTIFIER=Intel64 Family 6 Model 58 Stepping 9, GenuineIntel



---------------  S Y S T E M  ---------------

OS: Windows 10.0 , 64 bit Build 14393 (10.0.14393.0)

CPU:total 8 (4 cores per cpu, 2 threads per core) family 6 model 58 stepping 9, cmov, cx8, fxsr, mmx, sse, sse2, sse3, ssse3, sse4.1, sse4.2, popcnt, avx, aes, clmul, erms, ht, tsc, tscinvbit, tscinv

Memory: 4k page, physical 8273196k(1759672k free), swap 33439020k(5560k free)

vm_info: Java HotSpot(TM) 64-Bit Server VM (25.91-b15) for windows-amd64 JRE (1.8.0_91-b15), built on May 20 2016 17:43:15 by "java_re" with MS VC++ 10.0 (VS2010)

time: Mon Sep 05 16:11:01 2016
elapsed time: 1 seconds (0d 0h 0m 1s)

