#
# There is insufficient memory for the Java Runtime Environment to continue.
# Native memory allocation (malloc) failed to allocate 980176 bytes for Chunk::new
# Possible reasons:
#   The system is out of physical RAM or swap space
#   In 32 bit mode, the process size limit was hit
# Possible solutions:
#   Reduce memory load on the system
#   Increase physical memory or swap space
#   Check if swap backing store is full
#   Use 64 bit Java on a 64 bit OS
#   Decrease Java heap size (-Xmx/-Xms)
#   Decrease number of Java threads
#   Decrease Java thread stack sizes (-Xss)
#   Set larger code cache with -XX:ReservedCodeCacheSize=
# This output file may be truncated or incomplete.
#
#  Out of Memory Error (allocation.cpp:390), pid=12220, tid=4120
#
# JRE version: Java(TM) SE Runtime Environment (8.0_91-b15) (build 1.8.0_91-b15)
# Java VM: Java HotSpot(TM) 64-Bit Server VM (25.91-b15 mixed mode windows-amd64 compressed oops)
# Failed to write core dump. Minidumps are not enabled by default on client versions of Windows
#

---------------  T H R E A D  ---------------

Current thread (0x0000000016e8a800):  JavaThread "C2 CompilerThread0" daemon [_thread_in_native, id=4120, stack(0x0000000017650000,0x0000000017750000)]

Stack: [0x0000000017650000,0x0000000017750000]
[error occurred during error reporting (printing stack bounds), id 0xc0000005]

Native frames: (J=compiled Java code, j=interpreted, Vv=VM code, C=native code)


Current CompileTask:
C2:   4753 1326   !   4       com.android.dx.cf.code.BytecodeArray::parseInstruction (2764 bytes)


---------------  P R O C E S S  ---------------

Java Threads: ( => current thread )
  0x00000000171e5800 JavaThread "pool-1-thread-4" [_thread_blocked, id=8920, stack(0x0000000018050000,0x0000000018150000)]
  0x00000000171e1000 JavaThread "pool-1-thread-3" [_thread_blocked, id=9920, stack(0x0000000017f50000,0x0000000018050000)]
  0x00000000171de000 JavaThread "pool-1-thread-2" [_thread_blocked, id=6972, stack(0x0000000017e50000,0x0000000017f50000)]
  0x00000000171d1000 JavaThread "pool-2-thread-1" [_thread_blocked, id=8536, stack(0x0000000017d50000,0x0000000017e50000)]
  0x0000000017153800 JavaThread "pool-1-thread-1" [_thread_blocked, id=9968, stack(0x0000000017c50000,0x0000000017d50000)]
  0x0000000016f11000 JavaThread "Service Thread" daemon [_thread_blocked, id=8628, stack(0x0000000017a50000,0x0000000017b50000)]
  0x0000000016ef2800 JavaThread "C1 CompilerThread3" daemon [_thread_blocked, id=3292, stack(0x0000000017950000,0x0000000017a50000)]
  0x0000000016eef800 JavaThread "C2 CompilerThread2" daemon [_thread_in_native, id=3824, stack(0x0000000017850000,0x0000000017950000)]
  0x0000000016ee6000 JavaThread "C2 CompilerThread1" daemon [_thread_blocked, id=11932, stack(0x0000000017750000,0x0000000017850000)]
=>0x0000000016e8a800 JavaThread "C2 CompilerThread0" daemon [_thread_in_native, id=4120, stack(0x0000000017650000,0x0000000017750000)]
  0x0000000016e88800 JavaThread "Attach Listener" daemon [_thread_blocked, id=10780, stack(0x0000000017550000,0x0000000017650000)]
  0x0000000014f7e800 JavaThread "Signal Dispatcher" daemon [_thread_blocked, id=10468, stack(0x0000000017450000,0x0000000017550000)]
  0x000000000244e000 JavaThread "Finalizer" daemon [_thread_blocked, id=12704, stack(0x0000000017260000,0x0000000017360000)]
  0x0000000002445000 JavaThread "Reference Handler" daemon [_thread_blocked, id=1348, stack(0x0000000016d60000,0x0000000016e60000)]
  0x000000000234e000 JavaThread "main" [_thread_in_vm, id=7880, stack(0x0000000002230000,0x0000000002330000)]

Other Threads:
  0x0000000014f69000 VMThread [stack: 0x0000000016c60000,0x0000000016d60000] [id=5720]
  0x0000000016f02800 WatcherThread [stack: 0x0000000017b50000,0x0000000017c50000] [id=1272]

VM state:not at safepoint (normal execution)

VM Mutex/Monitor currently owned by a thread: None

Heap:
 PSYoungGen      total 38400K, used 14731K [0x00000000eab00000, 0x00000000ef600000, 0x0000000100000000)
  eden space 33280K, 28% used [0x00000000eab00000,0x00000000eb464f98,0x00000000ecb80000)
  from space 5120K, 99% used [0x00000000ecb80000,0x00000000ed07dd98,0x00000000ed080000)
  to   space 5120K, 0% used [0x00000000ef100000,0x00000000ef100000,0x00000000ef600000)
 ParOldGen       total 87552K, used 2378K [0x00000000c0000000, 0x00000000c5580000, 0x00000000eab00000)
  object space 87552K, 2% used [0x00000000c0000000,0x00000000c02529f8,0x00000000c5580000)
 Metaspace       used 6191K, capacity 7000K, committed 7168K, reserved 1056768K
  class space    used 626K, capacity 656K, committed 768K, reserved 1048576K

Card table byte_map: [0x0000000011810000,0x0000000011a20000] byte_map_base: 0x0000000011210000

Marking Bits: (ParMarkBitMap*) 0x0000000052b32f70
 Begin Bits: [0x0000000012380000, 0x0000000013380000)
 End Bits:   [0x0000000013380000, 0x0000000014380000)

Polling page: 0x0000000000bb0000

CodeCache: size=245760Kb used=5505Kb max_used=5520Kb free=240254Kb
 bounds [0x0000000002450000, 0x00000000029c0000, 0x0000000011450000]
 total_blobs=1634 nmethods=1365 adapters=182
 compilation: enabled

Compilation events (10 events):
Event: 4.642 Thread 0x0000000016ee6000 nmethod 1364 0x0000000002994b50 code [0x0000000002994ca0, 0x0000000002994f18]
Event: 4.642 Thread 0x0000000016ee6000 1365       4       java.util.ArrayList::removeRange (75 bytes)
Event: 4.647 Thread 0x0000000016ee6000 nmethod 1365 0x0000000002999350 code [0x00000000029994a0, 0x0000000002999618]
Event: 4.647 Thread 0x0000000016ee6000 1366       4       com.android.dx.ssa.SsaBasicBlock::scheduleMovesFromPhis (108 bytes)
Event: 4.648 Thread 0x0000000016ee6000 nmethod 1366 0x00000000029a2250 code [0x00000000029a2380, 0x00000000029a2438]
Event: 4.648 Thread 0x0000000016ee6000 1367       4       com.android.dx.ssa.back.SsaToRop$1::visitBlock (97 bytes)
Event: 4.681 Thread 0x0000000016ee6000 nmethod 1367 0x00000000029a9b50 code [0x00000000029a9d60, 0x00000000029aa820]
Event: 4.682 Thread 0x0000000016ef2800 1368       3       com.android.dx.ssa.SsaBasicBlock::insertNewSuccessor (228 bytes)
Event: 4.683 Thread 0x0000000016ee6000 1369       4       com.android.dx.ssa.Dominators::compress (229 bytes)
Event: 4.685 Thread 0x0000000016ef2800 nmethod 1368 0x00000000029b6e50 code [0x00000000029b7180, 0x00000000029b86a8]

GC Heap History (2 events):
Event: 4.065 GC heap before
{Heap before GC invocations=1 (full 0):
 PSYoungGen      total 38400K, used 33280K [0x00000000eab00000, 0x00000000ed580000, 0x0000000100000000)
  eden space 33280K, 100% used [0x00000000eab00000,0x00000000ecb80000,0x00000000ecb80000)
  from space 5120K, 0% used [0x00000000ed080000,0x00000000ed080000,0x00000000ed580000)
  to   space 5120K, 0% used [0x00000000ecb80000,0x00000000ecb80000,0x00000000ed080000)
 ParOldGen       total 87552K, used 0K [0x00000000c0000000, 0x00000000c5580000, 0x00000000eab00000)
  object space 87552K, 0% used [0x00000000c0000000,0x00000000c0000000,0x00000000c5580000)
 Metaspace       used 6055K, capacity 6962K, committed 7040K, reserved 1056768K
  class space    used 605K, capacity 618K, committed 640K, reserved 1048576K
Event: 4.187 GC heap after
Heap after GC invocations=1 (full 0):
 PSYoungGen      total 38400K, used 5111K [0x00000000eab00000, 0x00000000ef600000, 0x0000000100000000)
  eden space 33280K, 0% used [0x00000000eab00000,0x00000000eab00000,0x00000000ecb80000)
  from space 5120K, 99% used [0x00000000ecb80000,0x00000000ed07dd98,0x00000000ed080000)
  to   space 5120K, 0% used [0x00000000ef100000,0x00000000ef100000,0x00000000ef600000)
 ParOldGen       total 87552K, used 2378K [0x00000000c0000000, 0x00000000c5580000, 0x00000000eab00000)
  object space 87552K, 2% used [0x00000000c0000000,0x00000000c02529f8,0x00000000c5580000)
 Metaspace       used 6055K, capacity 6962K, committed 7040K, reserved 1056768K
  class space    used 605K, capacity 618K, committed 640K, reserved 1048576K
}

Deoptimization events (10 events):
Event: 3.903 Thread 0x000000000234e000 Uncommon trap: reason=unloaded action=reinterpret pc=0x0000000002908f08 method=com.android.dx.cf.cst.ConstantPoolParser.parse0(ILjava/util/BitSet;)Lcom/android/dx/rop/cst/Constant; @ 198
Event: 4.190 Thread 0x00000000171de000 Uncommon trap: reason=unstable_if action=reinterpret pc=0x000000000295e08c method=com.android.dx.ssa.SCCP.simulateStmt(Lcom/android/dx/ssa/SsaInsn;)V @ 53
Event: 4.214 Thread 0x00000000171de000 Uncommon trap: reason=bimorphic action=maybe_recompile pc=0x00000000029747a0 method=com.android.dx.cf.code.BytecodeArray.parseInstruction(ILcom/android/dx/cf/code/BytecodeArray$Visitor;)I @ 907
Event: 4.214 Thread 0x00000000171de000 Uncommon trap: reason=bimorphic action=maybe_recompile pc=0x0000000002972794 method=com.android.dx.cf.code.BytecodeArray.parseInstruction(ILcom/android/dx/cf/code/BytecodeArray$Visitor;)I @ 1224
Event: 4.214 Thread 0x00000000171de000 Uncommon trap: reason=bimorphic action=maybe_recompile pc=0x000000000297446c method=com.android.dx.cf.code.BytecodeArray.parseInstruction(ILcom/android/dx/cf/code/BytecodeArray$Visitor;)I @ 923
Event: 4.214 Thread 0x00000000171de000 Uncommon trap: reason=bimorphic action=maybe_recompile pc=0x0000000002972794 method=com.android.dx.cf.code.BytecodeArray.parseInstruction(ILcom/android/dx/cf/code/BytecodeArray$Visitor;)I @ 1224
Event: 4.253 Thread 0x00000000171e5800 Uncommon trap: reason=null_check action=make_not_entrant pc=0x000000000273d5c8 method=com.android.dx.ssa.SsaRenamer.getLocalForNewReg(I)Lcom/android/dx/rop/code/LocalItem; @ 19
Event: 4.273 Thread 0x00000000171de000 Uncommon trap: reason=unstable_if action=reinterpret pc=0x00000000028029f8 method=java.util.HashMap.putVal(ILjava/lang/Object;Ljava/lang/Object;ZZ)Ljava/lang/Object; @ 162
Event: 4.285 Thread 0x00000000171de000 Uncommon trap: reason=unstable_if action=reinterpret pc=0x000000000288d914 method=java.util.HashMap.getNode(ILjava/lang/Object;)Ljava/util/HashMap$Node; @ 84
Event: 4.287 Thread 0x00000000171de000 Uncommon trap: reason=unstable_if action=reinterpret pc=0x000000000288c1bc method=java.util.HashMap.getNode(ILjava/lang/Object;)Ljava/util/HashMap$Node; @ 84

Internal exceptions (6 events):
Event: 0.078 Thread 0x000000000234e000 Exception <a 'java/lang/NoSuchMethodError': Method sun.misc.Unsafe.defineClass(Ljava/lang/String;[BII)Ljava/lang/Class; name or signature does not match> (0x00000000eab07cc0) thrown at [C:\re\workspace\8-2-build-windows-amd64-cygwin\jdk8u91\7017\hotspot\srƒðqà³?
Event: 0.078 Thread 0x000000000234e000 Exception <a 'java/lang/NoSuchMethodError': Method sun.misc.Unsafe.prefetchRead(Ljava/lang/Object;J)V name or signature does not match> (0x00000000eab07fa8) thrown at [C:\re\workspace\8-2-build-windows-amd64-cygwin\jdk8u91\7017\hotspot\src\share\vm\prims\jpQI8@
Event: 4.253 Thread 0x00000000171e5800 Implicit null exception at 0x000000000273be36 to 0x000000000273d581
Event: 4.277 Thread 0x00000000171de000 Exception <a 'java/lang/ArrayIndexOutOfBoundsException': 18> (0x00000000eb246d00) thrown at [C:\re\workspace\8-2-build-windows-amd64-cygwin\jdk8u91\7017\hotspot\src\share\vm\interpreter\interpreterRuntime.cpp, line 366]
Event: 4.278 Thread 0x00000000171de000 Exception <a 'java/lang/ArrayIndexOutOfBoundsException': 145> (0x00000000eb248880) thrown at [C:\re\workspace\8-2-build-windows-amd64-cygwin\jdk8u91\7017\hotspot\src\share\vm\interpreter\interpreterRuntime.cpp, line 366]
Event: 4.279 Thread 0x00000000171de000 Exception <a 'java/lang/ArrayIndexOutOfBoundsException': 40> (0x00000000eb249b68) thrown at [C:\re\workspace\8-2-build-windows-amd64-cygwin\jdk8u91\7017\hotspot\src\share\vm\interpreter\interpreterRuntime.cpp, line 366]

Events (10 events):
Event: 4.285 Thread 0x00000000171de000 Uncommon trap: trap_request=0xffffff65 fr.pc=0x000000000288d914
Event: 4.285 Thread 0x00000000171de000 DEOPT PACKING pc=0x000000000288d914 sp=0x0000000017f4e480
Event: 4.286 Thread 0x00000000171de000 DEOPT UNPACKING pc=0x000000000249582a sp=0x0000000017f4e408 mode 2
Event: 4.287 Thread 0x00000000171de000 Uncommon trap: trap_request=0xffffff65 fr.pc=0x000000000288c1bc
Event: 4.287 Thread 0x00000000171de000 DEOPT PACKING pc=0x000000000288c1bc sp=0x0000000017f4edb0
Event: 4.287 Thread 0x00000000171de000 DEOPT UNPACKING pc=0x000000000249582a sp=0x0000000017f4ece0 mode 2
Event: 4.308 Executing VM operation: EnableBiasedLocking
Event: 4.401 Executing VM operation: EnableBiasedLocking done
Event: 4.627 loading class com/android/dx/rop/code/RegisterSpec$1
Event: 4.627 loading class com/android/dx/rop/code/RegisterSpec$1 done


Dynamic libraries:
0x00007ff7aa6c0000 - 0x00007ff7aa6f7000 	C:\Program Files\Java\jdk1.8.0_91\bin\java.exe
0x00007ffccac60000 - 0x00007ffccae31000 	C:\WINDOWS\SYSTEM32\ntdll.dll
0x00007ffcca300000 - 0x00007ffcca3ab000 	C:\WINDOWS\System32\KERNEL32.DLL
0x00007ffcc7430000 - 0x00007ffcc764d000 	C:\WINDOWS\System32\KERNELBASE.dll
0x00007ffcca890000 - 0x00007ffcca932000 	C:\WINDOWS\System32\ADVAPI32.dll
0x00007ffcc9760000 - 0x00007ffcc97fe000 	C:\WINDOWS\System32\msvcrt.dll
0x00007ffcca4b0000 - 0x00007ffcca509000 	C:\WINDOWS\System32\sechost.dll
0x00007ffcca1d0000 - 0x00007ffcca2f1000 	C:\WINDOWS\System32\RPCRT4.dll
0x00007ffcc9c20000 - 0x00007ffcc9d85000 	C:\WINDOWS\System32\USER32.dll
0x00007ffcc7240000 - 0x00007ffcc725e000 	C:\WINDOWS\System32\win32u.dll
0x00007ffccac20000 - 0x00007ffccac54000 	C:\WINDOWS\System32\GDI32.dll
0x00007ffcc7de0000 - 0x00007ffcc7f62000 	C:\WINDOWS\System32\gdi32full.dll
0x00007ffcbd910000 - 0x00007ffcbdb89000 	C:\WINDOWS\WinSxS\amd64_microsoft.windows.common-controls_6595b64144ccf1df_6.0.14393.0_none_2d0f50fcbdb171b8\COMCTL32.dll
0x00007ffcca940000 - 0x00007ffccac07000 	C:\WINDOWS\System32\combase.dll
0x00007ffcc80f0000 - 0x00007ffcc81e5000 	C:\WINDOWS\System32\ucrtbase.dll
0x00007ffcc8020000 - 0x00007ffcc808a000 	C:\WINDOWS\System32\bcryptPrimitives.dll
0x00007ffcca6d0000 - 0x00007ffcca6fe000 	C:\WINDOWS\System32\IMM32.DLL
0x00007ffcbb5b0000 - 0x00007ffcbb5e1000 	C:\windows\system32\nvinitx.dll
0x00007ffcc4920000 - 0x00007ffcc492a000 	C:\WINDOWS\SYSTEM32\VERSION.dll
0x0000000051eb0000 - 0x0000000051f82000 	C:\Program Files\Java\jdk1.8.0_91\jre\bin\msvcr100.dll
0x0000000052320000 - 0x0000000052bb3000 	C:\Program Files\Java\jdk1.8.0_91\jre\bin\server\jvm.dll
0x00007ffcc9d90000 - 0x00007ffcc9d98000 	C:\WINDOWS\System32\PSAPI.DLL
0x00007ffcb8e80000 - 0x00007ffcb8e89000 	C:\WINDOWS\SYSTEM32\WSOCK32.dll
0x00007ffcbdc30000 - 0x00007ffcbdc53000 	C:\WINDOWS\SYSTEM32\WINMM.dll
0x00007ffcca700000 - 0x00007ffcca76a000 	C:\WINDOWS\System32\WS2_32.dll
0x00007ffcbd8e0000 - 0x00007ffcbd90b000 	C:\WINDOWS\SYSTEM32\WINMMBASE.dll
0x00007ffcc71f0000 - 0x00007ffcc7232000 	C:\WINDOWS\System32\cfgmgr32.dll
0x0000000054240000 - 0x000000005424f000 	C:\Program Files\Java\jdk1.8.0_91\jre\bin\verify.dll
0x00000000522f0000 - 0x0000000052319000 	C:\Program Files\Java\jdk1.8.0_91\jre\bin\java.dll
0x00000000522d0000 - 0x00000000522e6000 	C:\Program Files\Java\jdk1.8.0_91\jre\bin\zip.dll
0x00007ffcc81f0000 - 0x00007ffcc96f8000 	C:\WINDOWS\System32\SHELL32.dll
0x00007ffcc7700000 - 0x00007ffcc7dda000 	C:\WINDOWS\System32\windows.storage.dll
0x00007ffcc7170000 - 0x00007ffcc71bc000 	C:\WINDOWS\System32\powrprof.dll
0x00007ffcc9800000 - 0x00007ffcc9852000 	C:\WINDOWS\System32\shlwapi.dll
0x00007ffcc7160000 - 0x00007ffcc716f000 	C:\WINDOWS\System32\kernel.appcore.dll
0x00007ffcc7f70000 - 0x00007ffcc8019000 	C:\WINDOWS\System32\shcore.dll
0x00007ffcc71c0000 - 0x00007ffcc71d4000 	C:\WINDOWS\System32\profapi.dll

VM Arguments:
jvm_args: -Djava.awt.headless=true -Xmx1024M -Dfile.encoding=windows-1252 -Duser.country=US -Duser.language=en -Duser.variant 
java_command: com.android.dx.command.Main --dex --num-threads=4 --output C:\Users\Chaiy\Desktop\Sample Projects\xyzreader\XYZReader\build\intermediates\pre-dexed\debug\com.android.support-support-core-ui-24.2.0_7a055f70ba537982d1133c07b8a2bf5cd113fdd5.jar C:\Users\Chaiy\Desktop\Sample Projects\xyzreader\XYZReader\build\intermediates\exploded-aar\com.android.support\support-core-ui\24.2.0\jars\classes.jar
java_class_path (initial): C:\Users\Chaiy\Android\sdk\build-tools\24.0.2\lib\dx.jar
Launcher Type: SUN_STANDARD

Environment Variables:
JAVA_HOME=C:\Program Files\Java\jdk1.8.0_91
PATH=C:\ProgramData\Oracle\Java\javapath;C:\Program Files\ImageMagick-6.9.3-Q16;C:\Program Files (x86)\Intel\iCLS Client\;C:\Program Files\Intel\iCLS Client\;C:\WINDOWS\system32;C:\WINDOWS;C:\WINDOWS\System32\Wbem;C:\WINDOWS\System32\WindowsPowerShell\v1.0\;C:\Program Files (x86)\Intel\OpenCL SDK\2.0\bin\x86;C:\Program Files (x86)\Intel\OpenCL SDK\2.0\bin\x64;C:\Program Files (x86)\Windows Live\Shared;C:\Program Files\Condusiv Technologies\IntelliMemory\;C:\Program Files\Intel\WiFi\bin\;C:\Program Files\Common Files\Intel\WirelessCommon\;C:\Program Files\Intel\Intel(R) Management Engine Components\DAL;C:\Program Files\Intel\Intel(R) Management Engine Components\IPT;C:\Program Files (x86)\Intel\Intel(R) Management Engine Components\DAL;C:\Program Files (x86)\Intel\Intel(R) Management Engine Components\IPT;C:\Program Files (x86)\NVIDIA Corporation\PhysX\Common;C:\WINDOWS\system32;C:\WINDOWS;C:\WINDOWS\System32\Wbem;C:\WINDOWS\System32\WindowsPowerShell\v1.0\;C:\Program Files\Samsung\AllShare Framework DMS\1.3.23\;C:\Program Files\Samsung\AllShare Framework DMS\1.3.23\64bit\;C:\Program Files (x86)\Skype\Phone\;C:\Program Files (x86)\QuickTime\QTSystem\;C:\Program Files (x86)\GtkSharp\2.12\bin;C:\Program Files\Java\jdk1.8.0_91\bin;%GRADLE_HOME%\bin;C:\Users\Chaiy\AppData\Local\GitHub\PortableGit_d76a6a98c9315931ec4927243517bc09e9b731a0\cmd;C:\Users\Chaiy\AppData\Roaming\Smilebox;C:\Program Files\Intel\WiFi\bin\;C:\Program Files\Common Files\Intel\WirelessCommon\;C:\ffmpeg\bin\;C:\Users\Chaiy\Android\gradle\gradle-2.13-all\gradle-2.13\bin;C:\Program Files\Java\jre1.8.0_91\bin;C:\Users\Chaiy\AppData\Local\GitHub\PortableGit_d76a6a98c9315931ec4927243517bc09e9b731a0\cmd;C:\Users\Chaiy\AppData\Local\Microsoft\WindowsApps;
USERNAME=Chaiy
OS=Windows_NT
PROCESSOR_IDENTIFIER=Intel64 Family 6 Model 58 Stepping 9, GenuineIntel



---------------  S Y S T E M  ---------------

OS: Windows 10.0 , 64 bit Build 14393 (10.0.14393.0)

CPU:total 8 (4 cores per cpu, 2 threads per core) family 6 model 58 stepping 9, cmov, cx8, fxsr, mmx, sse, sse2, sse3, ssse3, sse4.1, sse4.2, popcnt, avx, aes, clmul, erms, ht, tsc, tscinvbit, tscinv

Memory: 4k page, physical 8273196k(1591100k free), swap 33439020k(8760k free)

vm_info: Java HotSpot(TM) 64-Bit Server VM (25.91-b15) for windows-amd64 JRE (1.8.0_91-b15), built on May 20 2016 17:43:15 by "java_re" with MS VC++ 10.0 (VS2010)

time: Mon Sep 05 16:11:05 2016
elapsed time: 4 seconds (0d 0h 0m 4s)

